C51 COMPILER V9.60.7.0   MAIN                                                              10/15/2024 17:04:32 PAGE 1   


C51 COMPILER V9.60.7.0, COMPILATION OF MODULE MAIN
OBJECT MODULE PLACED IN .\Objects\main.obj
COMPILER INVOKED BY: D:\Keil5\C51\BIN\C51.EXE main.c OPTIMIZE(8,SPEED) BROWSE DEBUG OBJECTEXTEND PRINT(.\Listings\main.l
                    -st) OBJECT(.\Objects\main.obj)

line level    source

   1          #include <REGX52.H>
   2          #include "Delay.h"
   3          #include "NixieTube.h"
   4          #include "MatrixKey.h"
   5          
   6          unsigned char keyNum, stayNum;
   7          unsigned int Password;
   8          void main(){
   9   1              while(1){
  10   2                      keyNum = MatrixKey();
  11   2                      if(keyNum){
  12   3                              stayNum = keyNum;
  13   3                              if(keyNum <= 10){
  14   4                                      Password = Password * 10 + keyNum % 10;
  15   4                              }
  16   3                              if(keyNum == 11){
  17   4                                      if(Password == 1028) {
  18   5                                              P2_7 = 0;
  19   5                                              while(1){
  20   6                                                      NixieTube(2, 0);
  21   6                                                      clearTube();
  22   6                                                      NixieTube(1, 15);
  23   6                                                      clearTube();
  24   6                                              }
  25   5                                      }
  26   4                                      else {
  27   5                                              P2_6 = 0, Password = 0;
  28   5                                              while(1){
  29   6                                                      NixieTube(2, 14);
  30   6                                                      clearTube();
  31   6                                                      NixieTube(1, 14);
  32   6                                                      clearTube();
  33   6                                              }
  34   5                                      }
  35   4                              }
  36   3                              if(keyNum == 12){
  37   4                                      Password = 0;
  38   4                              }
  39   3                              if(keyNum == 13){
  40   4                                      P2_7 = 1;
  41   4                                      P2_6 = 1;
  42   4                                      Password = 0;
  43   4                              }
  44   3                      }
  45   2                      NixieTube(1, stayNum);
  46   2                      
  47   2              }
  48   1      }


MODULE INFORMATION:   STATIC OVERLAYABLE
   CODE SIZE        =    148    ----
   CONSTANT SIZE    =   ----    ----
   XDATA SIZE       =   ----    ----
C51 COMPILER V9.60.7.0   MAIN                                                              10/15/2024 17:04:32 PAGE 2   

   PDATA SIZE       =   ----    ----
   DATA SIZE        =      4    ----
   IDATA SIZE       =   ----    ----
   BIT SIZE         =   ----    ----
END OF MODULE INFORMATION.


C51 COMPILATION COMPLETE.  0 WARNING(S),  0 ERROR(S)
