C51 COMPILER V9.60.7.0   MATRIXKEY                                                         10/15/2024 17:07:27 PAGE 1   


C51 COMPILER V9.60.7.0, COMPILATION OF MODULE MATRIXKEY
OBJECT MODULE PLACED IN .\Objects\MatrixKey.obj
COMPILER INVOKED BY: D:\Keil5\C51\BIN\C51.EXE MatrixKey.c OPTIMIZE(8,SPEED) BROWSE DEBUG OBJECTEXTEND PRINT(.\Listings\M
                    -atrixKey.lst) OBJECT(.\Objects\MatrixKey.obj)

line level    source

   1          #include <REGX52.H>
   2          #include "Delay.h"
   3          
   4          
   5          unsigned char MatrixKey(){
   6   1              unsigned char keyNumber = 0;
   7   1              P1 = 0xFF;
   8   1              P1_3 = 0;       
   9   1              if(P1_7 == 0) {Delay(20);while(P1_7 == 0); Delay(20);return keyNumber = 1;}
  10   1              if(P1_6 == 0) {Delay(20);while(P1_6 == 0); Delay(20);return keyNumber = 5;}
  11   1              if(P1_5 == 0) {Delay(20);while(P1_5 == 0); Delay(20);return keyNumber = 9;}
  12   1              if(P1_4 == 0) {Delay(20);while(P1_4 == 0); Delay(20);return keyNumber = 13;}
  13   1              P1_2 = 0;       
  14   1              if(P1_7 == 0) {Delay(20);while(P1_7 == 0); Delay(20);return keyNumber = 2;}
  15   1              if(P1_6 == 0) {Delay(20);while(P1_6 == 0); Delay(20);return keyNumber = 6;}
  16   1              if(P1_5 == 0) {Delay(20);while(P1_5 == 0); Delay(20);return keyNumber = 10;}
  17   1              if(P1_4 == 0) {Delay(20);while(P1_4 == 0); Delay(20);return keyNumber = 14;}
  18   1              P1_1 = 0;       
  19   1              if(P1_7 == 0) {Delay(20);while(P1_7 == 0); Delay(20);return keyNumber = 3;}
  20   1              if(P1_6 == 0) {Delay(20);while(P1_6 == 0); Delay(20);return keyNumber = 7;}
  21   1              if(P1_5 == 0) {Delay(20);while(P1_5 == 0); Delay(20);return keyNumber = 11;}
  22   1              if(P1_4 == 0) {Delay(20);while(P1_4 == 0); Delay(20);return keyNumber = 15;}
  23   1              P1_0 = 0;       
  24   1              if(P1_7 == 0) {Delay(20);while(P1_7 == 0); Delay(20);return keyNumber = 4;}
  25   1              if(P1_6 == 0) {Delay(20);while(P1_6 == 0); Delay(20);return keyNumber = 8;}
  26   1              if(P1_5 == 0) {Delay(20);while(P1_5 == 0); Delay(20);return keyNumber = 12;}
  27   1              if(P1_4 == 0) {Delay(20);while(P1_4 == 0); Delay(20);return keyNumber = 16;}
  28   1              return keyNumber;
  29   1      }


MODULE INFORMATION:   STATIC OVERLAYABLE
   CODE SIZE        =    432    ----
   CONSTANT SIZE    =   ----    ----
   XDATA SIZE       =   ----    ----
   PDATA SIZE       =   ----    ----
   DATA SIZE        =   ----       1
   IDATA SIZE       =   ----    ----
   BIT SIZE         =   ----    ----
END OF MODULE INFORMATION.


C51 COMPILATION COMPLETE.  0 WARNING(S),  0 ERROR(S)
