C51 COMPILER V9.60.7.0   NIXIETUBE                                                         10/15/2024 16:56:35 PAGE 1   


C51 COMPILER V9.60.7.0, COMPILATION OF MODULE NIXIETUBE
OBJECT MODULE PLACED IN .\Objects\NixieTube.obj
COMPILER INVOKED BY: D:\Keil5\C51\BIN\C51.EXE NixieTube.c OPTIMIZE(8,SPEED) BROWSE DEBUG OBJECTEXTEND PRINT(.\Listings\N
                    -ixieTube.lst) OBJECT(.\Objects\NixieTube.obj)

line level    source

   1          #include "Delay.h"
   2          #include <REGX52.H>
   3          // 10: K
   4          unsigned char NixieTable[16] = {0X3F, 0x06, 0x5B, 0x4F, 0x66, 0x6D, 0x7D, 0x07, 0x7F, 0x6F, 0x77, 0x7C, 0x
             -39, 0x5E, 0x79, 0x71};
   5          
   6          void NixieTube(unsigned char Location, unsigned char Number){
   7   1              switch(Location){
   8   2                      case 1:P2_2 = 0, P2_3 = 0, P2_4 = 0;break;
   9   2                      case 2:P2_2 = 1, P2_3 = 0, P2_4 = 0;break;
  10   2                      case 3:P2_2 = 0, P2_3 = 1, P2_4 = 0;break;
  11   2                      case 4:P2_2 = 1, P2_3 = 1, P2_4 = 0;break;
  12   2                      case 5:P2_2 = 0, P2_3 = 0, P2_4 = 1;break;
  13   2                      case 6:P2_2 = 1, P2_3 = 0, P2_4 = 1;break;
  14   2                      case 7:P2_2 = 0, P2_3 = 1, P2_4 = 1;break;
  15   2                      case 8:P2_2 = 1, P2_3 = 1, P2_4 = 1;break;
  16   2              }
  17   1              P0 = NixieTable[Number];
  18   1      }
  19          void clearTube(){
  20   1                      Delay(1);
  21   1                      P0 = 0x00;
  22   1      }


MODULE INFORMATION:   STATIC OVERLAYABLE
   CODE SIZE        =    110    ----
   CONSTANT SIZE    =   ----    ----
   XDATA SIZE       =   ----    ----
   PDATA SIZE       =   ----    ----
   DATA SIZE        =     16    ----
   IDATA SIZE       =   ----    ----
   BIT SIZE         =   ----    ----
END OF MODULE INFORMATION.


C51 COMPILATION COMPLETE.  0 WARNING(S),  0 ERROR(S)
