C51 COMPILER V9.60.7.0   MAIN                                                              10/15/2024 10:57:53 PAGE 1   


C51 COMPILER V9.60.7.0, COMPILATION OF MODULE MAIN
OBJECT MODULE PLACED IN .\Objects\main.obj
COMPILER INVOKED BY: D:\Keil5\C51\BIN\C51.EXE main.c OPTIMIZE(8,SPEED) BROWSE DEBUG OBJECTEXTEND PRINT(.\Listings\main.l
                    -st) OBJECT(.\Objects\main.obj)

line level    source

   1          sfr P2 = 0xA0;
   2          sfr P3 = 0XB0;
   3          sbit LED1 = P2^0;
   4          sbit BUTTON1 = P3^1;
   5          sbit BUTTON2 = P3^0;
   6          void Delay(unsigned int xms)            //@12.000MHz
   7          {
   8   1              
   9   1      
  10   1              unsigned char i, j;
  11   1              while(xms--){
  12   2              i = 2;
  13   2              j = 239;
  14   2              
  15   2                      do
  16   2                      {
  17   3                              while (--j);
  18   3                      } while (--i);
  19   2              }
  20   1      }
  21          
  22          
  23          
  24          unsigned char LEDNum = 0xFF;
  25          
  26          void main(){
  27   1              while(1){
  28   2                      if(BUTTON2 == 0) {
  29   3                              Delay(20); 
  30   3                              while(BUTTON2 == 0);
  31   3                              Delay(20); 
  32   3                              if(LEDNum == 0xFF){ 
  33   4                                      LEDNum = 0xFE;
  34   4                                      P2 = LEDNum;
  35   4                              }
  36   3                              else if(P2 != 0x7F){
  37   4                                      LEDNum = ~LEDNum;
  38   4                                      LEDNum = LEDNum << 1;
  39   4                                      LEDNum = ~LEDNum;
  40   4                                      P2 = LEDNum;
  41   4                              }else{
  42   4                                      LEDNum = 0xFF;
  43   4                                      P2 = LEDNum;
  44   4                              }
  45   3                      }
  46   2                      
  47   2                      if(BUTTON1 == 0) {
  48   3                              Delay(20); 
  49   3                              while(BUTTON1 == 0);
  50   3                              Delay(20); 
  51   3                              if(LEDNum == 0xFF){ 
  52   4                                      LEDNum = 0x7F;
  53   4                                      P2 = LEDNum;
  54   4                              }else if(LEDNum != 0xFE){
C51 COMPILER V9.60.7.0   MAIN                                                              10/15/2024 10:57:53 PAGE 2   

  55   4                                      LEDNum = ~LEDNum;
  56   4                                      LEDNum = LEDNum >> 1;
  57   4                                      LEDNum = ~LEDNum;
  58   4                                      P2 = LEDNum;
  59   4                              }else{
  60   4                                      LEDNum = 0xFF;
  61   4                                      P2 = LEDNum;
  62   4                              }
  63   3                      }
  64   2              }
  65   1              return ;
  66   1      }


MODULE INFORMATION:   STATIC OVERLAYABLE
   CODE SIZE        =    126    ----
   CONSTANT SIZE    =   ----    ----
   XDATA SIZE       =   ----    ----
   PDATA SIZE       =   ----    ----
   DATA SIZE        =      1    ----
   IDATA SIZE       =   ----    ----
   BIT SIZE         =   ----    ----
END OF MODULE INFORMATION.


C51 COMPILATION COMPLETE.  0 WARNING(S),  0 ERROR(S)
