C51 COMPILER V9.60.7.0   MAIN                                                              10/14/2024 22:22:07 PAGE 1   


C51 COMPILER V9.60.7.0, COMPILATION OF MODULE MAIN
OBJECT MODULE PLACED IN .\Objects\main.obj
COMPILER INVOKED BY: D:\Keil5\C51\BIN\C51.EXE main.c OPTIMIZE(8,SPEED) BROWSE DEBUG OBJECTEXTEND PRINT(.\Listings\main.l
                    -st) TABS(2) OBJECT(.\Objects\main.obj)

line level    source

   1          #include <INTRINS.H>
   2          
   3          sfr P2 = 0xA0;
   4          void Delay(unsigned int xms)    //@11.0592MHz
   5          {
   6   1        unsigned char i, j;
   7   1        while(xms--){
   8   2          i = 2;
   9   2          j = 239;
  10   2          do
  11   2          {
  12   3            while(--j);
  13   3          }while(--i);
  14   2        }
  15   1      }
  16          
  17          
  18          
  19          void main(){
  20   1        while(1){
  21   2          P2 = 0xFE;
  22   2          Delay(100);
  23   2          P2 = 0xFD;
  24   2          Delay(100);
  25   2          P2 = 0xFB;
  26   2          Delay(100);
  27   2          P2 = 0xF7;
  28   2          Delay(100);
  29   2          P2 = 0xEF;
  30   2          Delay(100);
  31   2          P2 = 0xDF;
  32   2          Delay(100);
  33   2          P2 = 0xBF;
  34   2          Delay(100);
  35   2          P2 = 0x7F;
  36   2          Delay(100);
  37   2        }
  38   1      
  39   1      }


MODULE INFORMATION:   STATIC OVERLAYABLE
   CODE SIZE        =     75    ----
   CONSTANT SIZE    =   ----    ----
   XDATA SIZE       =   ----    ----
   PDATA SIZE       =   ----    ----
   DATA SIZE        =   ----    ----
   IDATA SIZE       =   ----    ----
   BIT SIZE         =   ----    ----
END OF MODULE INFORMATION.


C51 COMPILATION COMPLETE.  0 WARNING(S),  0 ERROR(S)
