C51 COMPILER V9.60.7.0   MAIN                                                              10/15/2024 13:45:00 PAGE 1   


C51 COMPILER V9.60.7.0, COMPILATION OF MODULE MAIN
OBJECT MODULE PLACED IN .\Objects\main.obj
COMPILER INVOKED BY: D:\Keil5\C51\BIN\C51.EXE main.c OPTIMIZE(8,SPEED) BROWSE DEBUG OBJECTEXTEND PRINT(.\Listings\main.l
                    -st) OBJECT(.\Objects\main.obj)

line level    source

   1          #include "Delay.h"
   2          #include "NixieTube.h"
   3          
   4          void main(){
   5   1              while(1){
   6   2                      NixieTube(8, 1);
   7   2                      Delay(500);
   8   2                      NixieTube(7, 2);        
   9   2                      Delay(500);
  10   2                      NixieTube(6, 3);
  11   2                      Delay(500);
  12   2                      NixieTube(5, 4);
  13   2                      Delay(500);
  14   2                      NixieTube(4, 5);
  15   2                      Delay(500);
  16   2                      NixieTube(3, 6);
  17   2                      Delay(500);
  18   2                      NixieTube(2, 7);
  19   2                      Delay(500);
  20   2                      NixieTube(1, 8);
  21   2                      Delay(500);
  22   2                      while(1){
  23   3                              NixieTube(8, 1);
  24   3                              clearTube();
  25   3                              NixieTube(7, 2);        
  26   3                              clearTube();
  27   3                              NixieTube(6, 3);
  28   3                              clearTube();
  29   3                              NixieTube(5, 4);
  30   3                              clearTube();
  31   3                              NixieTube(4, 5);        
  32   3                              clearTube();
  33   3                              NixieTube(3, 6);
  34   3                              clearTube();
  35   3                              NixieTube(2, 7);
  36   3                              clearTube();
  37   3                              NixieTube(1, 8);        
  38   3                              clearTube();
  39   3                      }
  40   2                      
  41   2              }
  42   1      }


MODULE INFORMATION:   STATIC OVERLAYABLE
   CODE SIZE        =    194    ----
   CONSTANT SIZE    =   ----    ----
   XDATA SIZE       =   ----    ----
   PDATA SIZE       =   ----    ----
   DATA SIZE        =   ----    ----
   IDATA SIZE       =   ----    ----
   BIT SIZE         =   ----    ----
END OF MODULE INFORMATION.


C51 COMPILATION COMPLETE.  0 WARNING(S),  0 ERROR(S)
