C51 COMPILER V9.60.7.0   NIXIETUBE                                                         10/15/2024 13:37:24 PAGE 1   


C51 COMPILER V9.60.7.0, COMPILATION OF MODULE NIXIETUBE
OBJECT MODULE PLACED IN .\Objects\NixieTube.obj
COMPILER INVOKED BY: D:\Keil5\C51\BIN\C51.EXE NixieTube.c OPTIMIZE(8,SPEED) BROWSE DEBUG OBJECTEXTEND PRINT(.\Listings\N
                    -ixieTube.lst) OBJECT(.\Objects\NixieTube.obj)

line level    source

   1          #include "Delay.h"
   2          sfr P0 = 0x80;
   3          sfr P2 = 0xA0;
   4          sbit P22 = P2^2;
   5          sbit P23 = P2^3;
   6          sbit P24 = P2^4;
   7          
   8          unsigned char NixieTable[10] = {0X3F, 0x06, 0x5B, 0x4F, 0x66, 0x6D, 0x7D, 0x07, 0x7F, 0x6F};
   9          
  10          void NixieTube(unsigned char Location, unsigned char Number){
  11   1              switch(Location){
  12   2                      case 1:P22 = 0, P23 = 0, P24 = 0;break;
  13   2                      case 2:P22 = 1, P23 = 0, P24 = 0;break;
  14   2                      case 3:P22 = 0, P23 = 1, P24 = 0;break;
  15   2                      case 4:P22 = 1, P23 = 1, P24 = 0;break;
  16   2                      case 5:P22 = 0, P23 = 0, P24 = 1;break;
  17   2                      case 6:P22 = 1, P23 = 0, P24 = 1;break;
  18   2                      case 7:P22 = 0, P23 = 1, P24 = 1;break;
  19   2                      case 8:P22 = 1, P23 = 1, P24 = 1;break;
  20   2              }
  21   1              P0 = NixieTable[Number];
  22   1      }
  23          void clearTube(){
  24   1                      Delay(1);
  25   1                      P0 = 0x00;
  26   1      }


MODULE INFORMATION:   STATIC OVERLAYABLE
   CODE SIZE        =    110    ----
   CONSTANT SIZE    =   ----    ----
   XDATA SIZE       =   ----    ----
   PDATA SIZE       =   ----    ----
   DATA SIZE        =     10    ----
   IDATA SIZE       =   ----    ----
   BIT SIZE         =   ----    ----
END OF MODULE INFORMATION.


C51 COMPILATION COMPLETE.  0 WARNING(S),  0 ERROR(S)
